<?xml version="1.0" encoding="utf-8"?>
<!DOCTYPE hibernate-configuration PUBLIC
        "-//Hibernate/Hibernate Configuration DTD 3.0//EN"
        "http://hibernate.sourceforge.net/hibernate-configuration-3.0.dtd">
<hibernate-configuration>
    <session-factory>
        <property name="hibernate.connection.driver_class">oracle.jdbc.driver.OracleDriver</property>
        <property name="hibernate.connection.url">jdbc:oracle:thin:@127.0.0.1:1521:XE</property>
        <property name="hibernate.connection.username">TEST</property>
        <property name="hibernate.connection.password">TEST</property>
        <property name="hibernate.dialect">org.hibernate.dialect.Oracle10gDialect</property>
        <property name="hibernate.default_schema">TEST</property>
        <property name="show_sql">false</property>
        <property name="connection.pool_size">5</property>
        <mapping resource="hibernate/DBComment.hbm.xml"></mapping>
        <mapping resource="hibernate/DBAuthor.hbm.xml"></mapping>
        <mapping resource="hibernate/DBNews.hbm.xml"></mapping>
        <mapping resource="hibernate/DBTag.hbm.xml"></mapping>


    </session-factory>

</hibernate-configuration>